<?xml version="1.0" encoding="UTF-8"?>
<!-- Generated by org.testng.reporters.JUnitReportReporter -->
<testsuite skipped="0" hostname="DESKTOP-3V3D3MT" name="RestAPISample.RestAssuredAPITest" tests="1" failures="0" timestamp="16 Jun 2021 05:28:31 GMT" time="4.113" errors="0">
  <testcase name="getResponseTest" time="4.113" classname="RestAPISample.RestAssuredAPITest"/>
</testsuite> <!-- RestAPISample.RestAssuredAPITest -->
