<?xml version="1.0" encoding="UTF-8"?>
<!-- Generated by org.testng.reporters.JUnitReportReporter -->
<testsuite skipped="1" hostname="DESKTOP-3V3D3MT" name="RestAPISample.JSONBodyExample" tests="7" failures="0" timestamp="22 Jun 2021 05:33:33 GMT" time="23.240" errors="0">
  <testcase name="AssingmentTestCase1" time="3.082" classname="RestAPISample.JSONBodyExample"/>
  <testcase name="AssingmentTestCase1" time="3.099" classname="RestAPISample.JSONBodyExample"/>
  <testcase name="AssingmentTestCase1" time="3.075" classname="RestAPISample.JSONBodyExample"/>
  <testcase name="AssingmentTestCase1" time="7.836" classname="RestAPISample.JSONBodyExample"/>
  <testcase name="AssingmentTestCase1" time="3.099" classname="RestAPISample.JSONBodyExample"/>
  <testcase name="AssingmentTestCase1" time="3.049" classname="RestAPISample.JSONBodyExample"/>
  <testcase name="soapExample" classname="RestAPISample.JSONBodyExample">
    <skipped/>
  </testcase> <!-- soapExample -->
</testsuite> <!-- RestAPISample.JSONBodyExample -->
